<?xml version="1.0" encoding="UTF-8"?>
<!-- Generated by org.testng.reporters.JUnitXMLReporter -->
<testsuite hostname="Korsh-PC" name="Test" tests="46" failures="0" timestamp="27 May 2014 05:29:53 GMT" time="0.323" errors="0">
  <testcase name="@BeforeTest testInit" time="0.0" classname="tests.web.SmokeRegistrationTS">
    <failure type="java.lang.NoSuchMethodError" message="org.openqa.selenium.Proxy.extractFrom(Lorg/openqa/selenium/Capabilities;)Lorg/openqa/selenium/Proxy;">
      <![CDATA[java.lang.NoSuchMethodError: org.openqa.selenium.Proxy.extractFrom(Lorg/openqa/selenium/Capabilities;)Lorg/openqa/selenium/Proxy;
	at org.openqa.selenium.firefox.FirefoxDriver.dropCapabilities(FirefoxDriver.java:313)
	at org.openqa.selenium.firefox.FirefoxDriver.<init>(FirefoxDriver.java:192)
	at org.openqa.selenium.firefox.FirefoxDriver.<init>(FirefoxDriver.java:186)
	at org.openqa.selenium.firefox.FirefoxDriver.<init>(FirefoxDriver.java:182)
	at org.openqa.selenium.firefox.FirefoxDriver.<init>(FirefoxDriver.java:95)
	at core.Driver.startDriver(Driver.java:92)
	at core.TestUnit.init(TestUnit.java:43)
	at core.TestFrame.testInit(TestFrame.java:31)
... Removed 22 stack frames]]>
    </failure>
  </testcase> <!-- @BeforeTest testInit -->
  <testcase name="@BeforeClass registerToSite" time="0.0" classname="tests.web.SmokeRegistrationTS">
    <skipped/>
  </testcase> <!-- @BeforeClass registerToSite -->
  <testcase name="checkAgeValidate" time="0.001" classname="tests.web.SmokeRegistrationTS">
    <skipped/>
  </testcase> <!-- checkAgeValidate -->
  <testcase name="checkAgeValidate" time="0.001" classname="tests.web.SmokeRegistrationTS">
    <skipped/>
  </testcase> <!-- checkAgeValidate -->
  <testcase name="checkAgeValidate" time="0.001" classname="tests.web.SmokeRegistrationTS">
    <skipped/>
  </testcase> <!-- checkAgeValidate -->
  <testcase name="checkAgeValidate" time="0.001" classname="tests.web.SmokeRegistrationTS">
    <skipped/>
  </testcase> <!-- checkAgeValidate -->
  <testcase name="checkAgeValidate" time="0.001" classname="tests.web.SmokeRegistrationTS">
    <skipped/>
  </testcase> <!-- checkAgeValidate -->
  <testcase name="checkLocationValidate" time="0.001" classname="tests.web.SmokeRegistrationTS">
    <skipped/>
  </testcase> <!-- checkLocationValidate -->
  <testcase name="checkLocationValidate" time="0.0" classname="tests.web.SmokeRegistrationTS">
    <skipped/>
  </testcase> <!-- checkLocationValidate -->
  <testcase name="checkLocationValidate" time="0.0" classname="tests.web.SmokeRegistrationTS">
    <skipped/>
  </testcase> <!-- checkLocationValidate -->
  <testcase name="checkPasswordValidate" time="0.0" classname="tests.web.SmokeRegistrationTS">
    <skipped/>
  </testcase> <!-- checkPasswordValidate -->
  <testcase name="checkPasswordValidate" time="0.0" classname="tests.web.SmokeRegistrationTS">
    <skipped/>
  </testcase> <!-- checkPasswordValidate -->
  <testcase name="checkPasswordValidate" time="0.0" classname="tests.web.SmokeRegistrationTS">
    <skipped/>
  </testcase> <!-- checkPasswordValidate -->
  <testcase name="checkPasswordValidate" time="0.001" classname="tests.web.SmokeRegistrationTS">
    <skipped/>
  </testcase> <!-- checkPasswordValidate -->
  <testcase name="checkPasswordValidate" time="0.001" classname="tests.web.SmokeRegistrationTS">
    <skipped/>
  </testcase> <!-- checkPasswordValidate -->
  <testcase name="checkPasswordValidate" time="0.001" classname="tests.web.SmokeRegistrationTS">
    <skipped/>
  </testcase> <!-- checkPasswordValidate -->
  <testcase name="checkPasswordValidate" time="0.001" classname="tests.web.SmokeRegistrationTS">
    <skipped/>
  </testcase> <!-- checkPasswordValidate -->
  <testcase name="checkPasswordValidate" time="0.0" classname="tests.web.SmokeRegistrationTS">
    <skipped/>
  </testcase> <!-- checkPasswordValidate -->
  <testcase name="checkPasswordValidate" time="0.0" classname="tests.web.SmokeRegistrationTS">
    <skipped/>
  </testcase> <!-- checkPasswordValidate -->
  <testcase name="checkPasswordValidate" time="0.0" classname="tests.web.SmokeRegistrationTS">
    <skipped/>
  </testcase> <!-- checkPasswordValidate -->
  <testcase name="checkPasswordValidate" time="0.001" classname="tests.web.SmokeRegistrationTS">
    <skipped/>
  </testcase> <!-- checkPasswordValidate -->
  <testcase name="checkPasswordValidate" time="0.001" classname="tests.web.SmokeRegistrationTS">
    <skipped/>
  </testcase> <!-- checkPasswordValidate -->
  <testcase name="checkPasswordValidate" time="0.001" classname="tests.web.SmokeRegistrationTS">
    <skipped/>
  </testcase> <!-- checkPasswordValidate -->
  <testcase name="checkPasswordValidate" time="0.0" classname="tests.web.SmokeRegistrationTS">
    <skipped/>
  </testcase> <!-- checkPasswordValidate -->
  <testcase name="checkPasswordValidate" time="0.0" classname="tests.web.SmokeRegistrationTS">
    <skipped/>
  </testcase> <!-- checkPasswordValidate -->
  <testcase name="checkPasswordValidate" time="0.002" classname="tests.web.SmokeRegistrationTS">
    <skipped/>
  </testcase> <!-- checkPasswordValidate -->
  <testcase name="checkPasswordValidate" time="0.001" classname="tests.web.SmokeRegistrationTS">
    <skipped/>
  </testcase> <!-- checkPasswordValidate -->
  <testcase name="checkPasswordValidate" time="0.001" classname="tests.web.SmokeRegistrationTS">
    <skipped/>
  </testcase> <!-- checkPasswordValidate -->
  <testcase name="checkPasswordValidate" time="0.004" classname="tests.web.SmokeRegistrationTS">
    <skipped/>
  </testcase> <!-- checkPasswordValidate -->
  <testcase name="checkPasswordValidate" time="0.001" classname="tests.web.SmokeRegistrationTS">
    <skipped/>
  </testcase> <!-- checkPasswordValidate -->
  <testcase name="checkPasswordValidate" time="0.0" classname="tests.web.SmokeRegistrationTS">
    <skipped/>
  </testcase> <!-- checkPasswordValidate -->
  <testcase name="checkPasswordValidate" time="0.0" classname="tests.web.SmokeRegistrationTS">
    <skipped/>
  </testcase> <!-- checkPasswordValidate -->
  <testcase name="checkPasswordValidate" time="0.001" classname="tests.web.SmokeRegistrationTS">
    <skipped/>
  </testcase> <!-- checkPasswordValidate -->
  <testcase name="checkPasswordValidate" time="0.001" classname="tests.web.SmokeRegistrationTS">
    <skipped/>
  </testcase> <!-- checkPasswordValidate -->
  <testcase name="checkPasswordValidate" time="0.0" classname="tests.web.SmokeRegistrationTS">
    <skipped/>
  </testcase> <!-- checkPasswordValidate -->
  <testcase name="checkPasswordValidate" time="0.0" classname="tests.web.SmokeRegistrationTS">
    <skipped/>
  </testcase> <!-- checkPasswordValidate -->
  <testcase name="checkPasswordValidate" time="0.001" classname="tests.web.SmokeRegistrationTS">
    <skipped/>
  </testcase> <!-- checkPasswordValidate -->
  <testcase name="checkPasswordValidate" time="0.0" classname="tests.web.SmokeRegistrationTS">
    <skipped/>
  </testcase> <!-- checkPasswordValidate -->
  <testcase name="checkPasswordValidate" time="0.0" classname="tests.web.SmokeRegistrationTS">
    <skipped/>
  </testcase> <!-- checkPasswordValidate -->
  <testcase name="checkPasswordValidate" time="0.001" classname="tests.web.SmokeRegistrationTS">
    <skipped/>
  </testcase> <!-- checkPasswordValidate -->
  <testcase name="checkPasswordValidate" time="0.0" classname="tests.web.SmokeRegistrationTS">
    <skipped/>
  </testcase> <!-- checkPasswordValidate -->
  <testcase name="registerTest" time="0.0" classname="tests.web.SmokeRegistrationTS">
    <skipped/>
  </testcase> <!-- registerTest -->
  <testcase name="confirmTest" time="0.0" classname="tests.web.SmokeRegistrationTS">
    <skipped/>
  </testcase> <!-- confirmTest -->
  <testcase name="checkPostConfirmBirthday" time="0.0" classname="tests.web.SmokeRegistrationTS">
    <skipped/>
  </testcase> <!-- checkPostConfirmBirthday -->
  <testcase name="checkPostConfirmBirthday" time="0.0" classname="tests.web.SmokeRegistrationTS">
    <skipped/>
  </testcase> <!-- checkPostConfirmBirthday -->
  <testcase name="checkPostConfirmBirthday" time="0.001" classname="tests.web.SmokeRegistrationTS">
    <skipped/>
  </testcase> <!-- checkPostConfirmBirthday -->
  <testcase name="checkPostConfirmScreennameVariant" time="0.001" classname="tests.web.SmokeRegistrationTS">
    <skipped/>
  </testcase> <!-- checkPostConfirmScreennameVariant -->
  <testcase name="confirmUser" time="0.0" classname="tests.web.SmokeRegistrationTS">
    <skipped/>
  </testcase> <!-- confirmUser -->
</testsuite> <!-- Test -->
