<?xml version="1.0" encoding="UTF-8"?>
<testng-results skipped="46" failed="0" total="46" passed="0">
  <reporter-output>
  </reporter-output>
  <suite name="Suite" duration-ms="323" started-at="2014-05-27T05:29:52Z" finished-at="2014-05-27T05:29:53Z">
    <groups>
      <group name="register">
        <method signature="SmokeRegistrationTS.registerTest(java.lang.String, java.lang.String, java.lang.String, java.lang.String, java.lang.String, java.lang.String, boolean)[pri:0, instance:tests.web.SmokeRegistrationTS@16bc75c]" name="registerTest" class="tests.web.SmokeRegistrationTS"/>
      </group> <!-- register -->
      <group name="funnelScreenname">
        <method signature="SmokeRegistrationTS.checkPostConfirmBirthday(java.lang.String, java.lang.String, java.lang.String, boolean)[pri:0, instance:tests.web.SmokeRegistrationTS@16bc75c]" name="checkPostConfirmBirthday" class="tests.web.SmokeRegistrationTS"/>
        <method signature="SmokeRegistrationTS.checkPostConfirmScreennameVariant(java.lang.String, boolean)[pri:0, instance:tests.web.SmokeRegistrationTS@16bc75c]" name="checkPostConfirmScreennameVariant" class="tests.web.SmokeRegistrationTS"/>
        <method signature="SmokeRegistrationTS.confirmUser(java.lang.String, java.lang.String, java.lang.String, java.lang.String)[pri:0, instance:tests.web.SmokeRegistrationTS@16bc75c]" name="confirmUser" class="tests.web.SmokeRegistrationTS"/>
      </group> <!-- funnelScreenname -->
      <group name="confirm">
        <method signature="SmokeRegistrationTS.confirmTest(java.lang.String, boolean)[pri:0, instance:tests.web.SmokeRegistrationTS@16bc75c]" name="confirmTest" class="tests.web.SmokeRegistrationTS"/>
      </group> <!-- confirm -->
      <group name="validate">
        <method signature="SmokeRegistrationTS.checkAgeValidate(java.lang.String, boolean)[pri:0, instance:tests.web.SmokeRegistrationTS@16bc75c]" name="checkAgeValidate" class="tests.web.SmokeRegistrationTS"/>
        <method signature="SmokeRegistrationTS.checkLocationValidate(java.lang.String, boolean)[pri:0, instance:tests.web.SmokeRegistrationTS@16bc75c]" name="checkLocationValidate" class="tests.web.SmokeRegistrationTS"/>
        <method signature="SmokeRegistrationTS.checkPasswordValidate(java.lang.String, boolean)[pri:0, instance:tests.web.SmokeRegistrationTS@16bc75c]" name="checkPasswordValidate" class="tests.web.SmokeRegistrationTS"/>
      </group> <!-- validate -->
    </groups>
    <test name="Test" duration-ms="323" started-at="2014-05-27T05:29:52Z" finished-at="2014-05-27T05:29:53Z">
      <class name="tests.web.SmokeRegistrationTS">
        <test-method status="PASS" signature="init()[pri:0, instance:tests.web.SmokeRegistrationTS@16bc75c]" name="init" is-config="true" duration-ms="110" started-at="2014-05-27T08:29:52Z" finished-at="2014-05-27T08:29:52Z">
          <reporter-output>
          </reporter-output>
        </test-method> <!-- init -->
        <test-method status="FAIL" signature="testInit(java.lang.String, java.lang.String, java.lang.String, java.lang.String, java.lang.String, java.lang.String)[pri:0, instance:tests.web.SmokeRegistrationTS@16bc75c]" name="testInit" is-config="true" duration-ms="0" started-at="2014-05-27T08:29:52Z" finished-at="2014-05-27T08:29:52Z">
          <params>
            <param index="0">
              <value>
                <![CDATA[ufi]]>
              </value>
            </param>
            <param index="1">
              <value>
                <![CDATA[live]]>
              </value>
            </param>
            <param index="2">
              <value>
                <![CDATA[Firefox]]>
              </value>
            </param>
            <param index="3">
              <value>
                <![CDATA[uk_cupid]]>
              </value>
            </param>
            <param index="4">
              <value>
                <![CDATA[male]]>
              </value>
            </param>
            <param index="5">
              <value>
                <![CDATA[en]]>
              </value>
            </param>
          </params>
          <exception class="java.lang.NoSuchMethodError">
            <message>
              <![CDATA[org.openqa.selenium.Proxy.extractFrom(Lorg/openqa/selenium/Capabilities;)Lorg/openqa/selenium/Proxy;]]>
            </message>
            <full-stacktrace>
              <![CDATA[java.lang.NoSuchMethodError: org.openqa.selenium.Proxy.extractFrom(Lorg/openqa/selenium/Capabilities;)Lorg/openqa/selenium/Proxy;
	at org.openqa.selenium.firefox.FirefoxDriver.dropCapabilities(FirefoxDriver.java:313)
	at org.openqa.selenium.firefox.FirefoxDriver.<init>(FirefoxDriver.java:192)
	at org.openqa.selenium.firefox.FirefoxDriver.<init>(FirefoxDriver.java:186)
	at org.openqa.selenium.firefox.FirefoxDriver.<init>(FirefoxDriver.java:182)
	at org.openqa.selenium.firefox.FirefoxDriver.<init>(FirefoxDriver.java:95)
	at core.Driver.startDriver(Driver.java:92)
	at core.TestUnit.init(TestUnit.java:43)
	at core.TestFrame.testInit(TestFrame.java:31)
	at sun.reflect.NativeMethodAccessorImpl.invoke0(Native Method)
	at sun.reflect.NativeMethodAccessorImpl.invoke(Unknown Source)
	at sun.reflect.DelegatingMethodAccessorImpl.invoke(Unknown Source)
	at java.lang.reflect.Method.invoke(Unknown Source)
	at org.testng.internal.MethodInvocationHelper.invokeMethod(MethodInvocationHelper.java:84)
	at org.testng.internal.Invoker.invokeConfigurationMethod(Invoker.java:564)
	at org.testng.internal.Invoker.invokeConfigurations(Invoker.java:213)
	at org.testng.internal.Invoker.invokeConfigurations(Invoker.java:138)
	at org.testng.TestRunner.beforeRun(TestRunner.java:641)
	at org.testng.TestRunner.run(TestRunner.java:609)
	at org.testng.SuiteRunner.runTest(SuiteRunner.java:334)
	at org.testng.SuiteRunner.runSequentially(SuiteRunner.java:329)
	at org.testng.SuiteRunner.privateRun(SuiteRunner.java:291)
	at org.testng.SuiteRunner.run(SuiteRunner.java:240)
	at org.testng.SuiteRunnerWorker.runSuite(SuiteRunnerWorker.java:52)
	at org.testng.SuiteRunnerWorker.run(SuiteRunnerWorker.java:86)
	at org.testng.TestNG.runSuitesSequentially(TestNG.java:1224)
	at org.testng.TestNG.runSuitesLocally(TestNG.java:1149)
	at org.testng.TestNG.run(TestNG.java:1057)
	at org.testng.remote.RemoteTestNG.run(RemoteTestNG.java:111)
	at org.testng.remote.RemoteTestNG.initAndRun(RemoteTestNG.java:204)
	at org.testng.remote.RemoteTestNG.main(RemoteTestNG.java:175)
]]>
            </full-stacktrace>
          </exception> <!-- java.lang.NoSuchMethodError -->
          <reporter-output>
          </reporter-output>
        </test-method> <!-- testInit -->
        <test-method status="SKIP" signature="registerToSite()[pri:0, instance:tests.web.SmokeRegistrationTS@16bc75c]" name="registerToSite" is-config="true" duration-ms="0" started-at="2014-05-27T08:29:53Z" finished-at="2014-05-27T08:29:53Z">
          <reporter-output>
          </reporter-output>
        </test-method> <!-- registerToSite -->
        <test-method status="SKIP" signature="checkAgeValidate(java.lang.String, boolean)[pri:0, instance:tests.web.SmokeRegistrationTS@16bc75c]" name="checkAgeValidate" duration-ms="1" started-at="2014-05-27T08:29:53Z" data-provider="checkValidateMailData" finished-at="2014-05-27T08:29:53Z">
          <params>
            <param index="0">
              <value>
                <![CDATA[nicky.t.male+082952140527@gmail.com]]>
              </value>
            </param>
            <param index="1">
              <value>
                <![CDATA[true]]>
              </value>
            </param>
          </params>
          <reporter-output>
          </reporter-output>
        </test-method> <!-- checkAgeValidate -->
        <test-method status="SKIP" signature="checkAgeValidate(java.lang.String, boolean)[pri:0, instance:tests.web.SmokeRegistrationTS@16bc75c]" name="checkAgeValidate" duration-ms="1" started-at="2014-05-27T08:29:53Z" data-provider="checkValidateMailData" finished-at="2014-05-27T08:29:53Z">
          <params>
            <param index="0">
              <value>
                <![CDATA[nicky.t.confirm@yomail.com]]>
              </value>
            </param>
            <param index="1">
              <value>
                <![CDATA[false]]>
              </value>
            </param>
          </params>
          <reporter-output>
          </reporter-output>
        </test-method> <!-- checkAgeValidate -->
        <test-method status="SKIP" signature="checkAgeValidate(java.lang.String, boolean)[pri:0, instance:tests.web.SmokeRegistrationTS@16bc75c]" name="checkAgeValidate" duration-ms="1" started-at="2014-05-27T08:29:53Z" data-provider="checkValidateMailData" finished-at="2014-05-27T08:29:53Z">
          <params>
            <param index="0">
              <value>
                <![CDATA[nicky.t.nonconfirm@yomail.com]]>
              </value>
            </param>
            <param index="1">
              <value>
                <![CDATA[false]]>
              </value>
            </param>
          </params>
          <reporter-output>
          </reporter-output>
        </test-method> <!-- checkAgeValidate -->
        <test-method status="SKIP" signature="checkAgeValidate(java.lang.String, boolean)[pri:0, instance:tests.web.SmokeRegistrationTS@16bc75c]" name="checkAgeValidate" duration-ms="1" started-at="2014-05-27T08:29:53Z" data-provider="checkValidateMailData" finished-at="2014-05-27T08:29:53Z">
          <params>
            <param index="0">
              <value>
                <![CDATA[nicky.t.cancel@yomail.com]]>
              </value>
            </param>
            <param index="1">
              <value>
                <![CDATA[false]]>
              </value>
            </param>
          </params>
          <reporter-output>
          </reporter-output>
        </test-method> <!-- checkAgeValidate -->
        <test-method status="SKIP" signature="checkAgeValidate(java.lang.String, boolean)[pri:0, instance:tests.web.SmokeRegistrationTS@16bc75c]" name="checkAgeValidate" duration-ms="1" started-at="2014-05-27T08:29:53Z" data-provider="checkValidateMailData" finished-at="2014-05-27T08:29:53Z">
          <params>
            <param index="0">
              <value>
                <![CDATA[]]>
              </value>
            </param>
            <param index="1">
              <value>
                <![CDATA[false]]>
              </value>
            </param>
          </params>
          <reporter-output>
          </reporter-output>
        </test-method> <!-- checkAgeValidate -->
        <test-method status="SKIP" signature="checkLocationValidate(java.lang.String, boolean)[pri:0, instance:tests.web.SmokeRegistrationTS@16bc75c]" name="checkLocationValidate" duration-ms="1" started-at="2014-05-27T08:29:53Z" data-provider="checkValidateLocationData" finished-at="2014-05-27T08:29:53Z">
          <params>
            <param index="0">
              <value>
                <![CDATA[London]]>
              </value>
            </param>
            <param index="1">
              <value>
                <![CDATA[true]]>
              </value>
            </param>
          </params>
          <reporter-output>
          </reporter-output>
        </test-method> <!-- checkLocationValidate -->
        <test-method status="SKIP" signature="checkLocationValidate(java.lang.String, boolean)[pri:0, instance:tests.web.SmokeRegistrationTS@16bc75c]" name="checkLocationValidate" duration-ms="0" started-at="2014-05-27T08:29:53Z" data-provider="checkValidateLocationData" finished-at="2014-05-27T08:29:53Z">
          <params>
            <param index="0">
              <value>
                <![CDATA[]]>
              </value>
            </param>
            <param index="1">
              <value>
                <![CDATA[false]]>
              </value>
            </param>
          </params>
          <reporter-output>
          </reporter-output>
        </test-method> <!-- checkLocationValidate -->
        <test-method status="SKIP" signature="checkLocationValidate(java.lang.String, boolean)[pri:0, instance:tests.web.SmokeRegistrationTS@16bc75c]" name="checkLocationValidate" duration-ms="0" started-at="2014-05-27T08:29:53Z" data-provider="checkValidateLocationData" finished-at="2014-05-27T08:29:53Z">
          <params>
            <param index="0">
              <value>
                <![CDATA[ ]]>
              </value>
            </param>
            <param index="1">
              <value>
                <![CDATA[false]]>
              </value>
            </param>
          </params>
          <reporter-output>
          </reporter-output>
        </test-method> <!-- checkLocationValidate -->
        <test-method status="SKIP" signature="checkPasswordValidate(java.lang.String, boolean)[pri:0, instance:tests.web.SmokeRegistrationTS@16bc75c]" name="checkPasswordValidate" duration-ms="0" started-at="2014-05-27T08:29:53Z" data-provider="checkValidatePasswordData" finished-at="2014-05-27T08:29:53Z">
          <params>
            <param index="0">
              <value>
                <![CDATA[123-ab]]>
              </value>
            </param>
            <param index="1">
              <value>
                <![CDATA[true]]>
              </value>
            </param>
          </params>
          <reporter-output>
          </reporter-output>
        </test-method> <!-- checkPasswordValidate -->
        <test-method status="SKIP" signature="checkPasswordValidate(java.lang.String, boolean)[pri:0, instance:tests.web.SmokeRegistrationTS@16bc75c]" name="checkPasswordValidate" duration-ms="0" started-at="2014-05-27T08:29:53Z" data-provider="checkValidatePasswordData" finished-at="2014-05-27T08:29:53Z">
          <params>
            <param index="0">
              <value>
                <![CDATA[]]>
              </value>
            </param>
            <param index="1">
              <value>
                <![CDATA[false]]>
              </value>
            </param>
          </params>
          <reporter-output>
          </reporter-output>
        </test-method> <!-- checkPasswordValidate -->
        <test-method status="SKIP" signature="checkPasswordValidate(java.lang.String, boolean)[pri:0, instance:tests.web.SmokeRegistrationTS@16bc75c]" name="checkPasswordValidate" duration-ms="1" started-at="2014-05-27T08:29:53Z" data-provider="checkValidatePasswordData" finished-at="2014-05-27T08:29:53Z">
          <params>
            <param index="0">
              <value>
                <![CDATA[12345@]]>
              </value>
            </param>
            <param index="1">
              <value>
                <![CDATA[false]]>
              </value>
            </param>
          </params>
          <reporter-output>
          </reporter-output>
        </test-method> <!-- checkPasswordValidate -->
        <test-method status="SKIP" signature="checkPasswordValidate(java.lang.String, boolean)[pri:0, instance:tests.web.SmokeRegistrationTS@16bc75c]" name="checkPasswordValidate" duration-ms="0" started-at="2014-05-27T08:29:53Z" data-provider="checkValidatePasswordData" finished-at="2014-05-27T08:29:53Z">
          <params>
            <param index="0">
              <value>
                <![CDATA[12345`]]>
              </value>
            </param>
            <param index="1">
              <value>
                <![CDATA[false]]>
              </value>
            </param>
          </params>
          <reporter-output>
          </reporter-output>
        </test-method> <!-- checkPasswordValidate -->
        <test-method status="SKIP" signature="checkPasswordValidate(java.lang.String, boolean)[pri:0, instance:tests.web.SmokeRegistrationTS@16bc75c]" name="checkPasswordValidate" duration-ms="1" started-at="2014-05-27T08:29:53Z" data-provider="checkValidatePasswordData" finished-at="2014-05-27T08:29:53Z">
          <params>
            <param index="0">
              <value>
                <![CDATA[12345#]]>
              </value>
            </param>
            <param index="1">
              <value>
                <![CDATA[false]]>
              </value>
            </param>
          </params>
          <reporter-output>
          </reporter-output>
        </test-method> <!-- checkPasswordValidate -->
        <test-method status="SKIP" signature="checkPasswordValidate(java.lang.String, boolean)[pri:0, instance:tests.web.SmokeRegistrationTS@16bc75c]" name="checkPasswordValidate" duration-ms="1" started-at="2014-05-27T08:29:53Z" data-provider="checkValidatePasswordData" finished-at="2014-05-27T08:29:53Z">
          <params>
            <param index="0">
              <value>
                <![CDATA[12345$]]>
              </value>
            </param>
            <param index="1">
              <value>
                <![CDATA[false]]>
              </value>
            </param>
          </params>
          <reporter-output>
          </reporter-output>
        </test-method> <!-- checkPasswordValidate -->
        <test-method status="SKIP" signature="checkPasswordValidate(java.lang.String, boolean)[pri:0, instance:tests.web.SmokeRegistrationTS@16bc75c]" name="checkPasswordValidate" duration-ms="1" started-at="2014-05-27T08:29:53Z" data-provider="checkValidatePasswordData" finished-at="2014-05-27T08:29:53Z">
          <params>
            <param index="0">
              <value>
                <![CDATA[12345%]]>
              </value>
            </param>
            <param index="1">
              <value>
                <![CDATA[false]]>
              </value>
            </param>
          </params>
          <reporter-output>
          </reporter-output>
        </test-method> <!-- checkPasswordValidate -->
        <test-method status="SKIP" signature="checkPasswordValidate(java.lang.String, boolean)[pri:0, instance:tests.web.SmokeRegistrationTS@16bc75c]" name="checkPasswordValidate" duration-ms="0" started-at="2014-05-27T08:29:53Z" data-provider="checkValidatePasswordData" finished-at="2014-05-27T08:29:53Z">
          <params>
            <param index="0">
              <value>
                <![CDATA[12345^]]>
              </value>
            </param>
            <param index="1">
              <value>
                <![CDATA[false]]>
              </value>
            </param>
          </params>
          <reporter-output>
          </reporter-output>
        </test-method> <!-- checkPasswordValidate -->
        <test-method status="SKIP" signature="checkPasswordValidate(java.lang.String, boolean)[pri:0, instance:tests.web.SmokeRegistrationTS@16bc75c]" name="checkPasswordValidate" duration-ms="0" started-at="2014-05-27T08:29:53Z" data-provider="checkValidatePasswordData" finished-at="2014-05-27T08:29:53Z">
          <params>
            <param index="0">
              <value>
                <![CDATA[12345&]]>
              </value>
            </param>
            <param index="1">
              <value>
                <![CDATA[false]]>
              </value>
            </param>
          </params>
          <reporter-output>
          </reporter-output>
        </test-method> <!-- checkPasswordValidate -->
        <test-method status="SKIP" signature="checkPasswordValidate(java.lang.String, boolean)[pri:0, instance:tests.web.SmokeRegistrationTS@16bc75c]" name="checkPasswordValidate" duration-ms="1" started-at="2014-05-27T08:29:53Z" data-provider="checkValidatePasswordData" finished-at="2014-05-27T08:29:53Z">
          <params>
            <param index="0">
              <value>
                <![CDATA[12345 ]]>
              </value>
            </param>
            <param index="1">
              <value>
                <![CDATA[false]]>
              </value>
            </param>
          </params>
          <reporter-output>
          </reporter-output>
        </test-method> <!-- checkPasswordValidate -->
        <test-method status="SKIP" signature="checkPasswordValidate(java.lang.String, boolean)[pri:0, instance:tests.web.SmokeRegistrationTS@16bc75c]" name="checkPasswordValidate" duration-ms="0" started-at="2014-05-27T08:29:53Z" data-provider="checkValidatePasswordData" finished-at="2014-05-27T08:29:53Z">
          <params>
            <param index="0">
              <value>
                <![CDATA[12345*]]>
              </value>
            </param>
            <param index="1">
              <value>
                <![CDATA[false]]>
              </value>
            </param>
          </params>
          <reporter-output>
          </reporter-output>
        </test-method> <!-- checkPasswordValidate -->
        <test-method status="SKIP" signature="checkPasswordValidate(java.lang.String, boolean)[pri:0, instance:tests.web.SmokeRegistrationTS@16bc75c]" name="checkPasswordValidate" duration-ms="1" started-at="2014-05-27T08:29:53Z" data-provider="checkValidatePasswordData" finished-at="2014-05-27T08:29:53Z">
          <params>
            <param index="0">
              <value>
                <![CDATA[12345(]]>
              </value>
            </param>
            <param index="1">
              <value>
                <![CDATA[false]]>
              </value>
            </param>
          </params>
          <reporter-output>
          </reporter-output>
        </test-method> <!-- checkPasswordValidate -->
        <test-method status="SKIP" signature="checkPasswordValidate(java.lang.String, boolean)[pri:0, instance:tests.web.SmokeRegistrationTS@16bc75c]" name="checkPasswordValidate" duration-ms="1" started-at="2014-05-27T08:29:53Z" data-provider="checkValidatePasswordData" finished-at="2014-05-27T08:29:53Z">
          <params>
            <param index="0">
              <value>
                <![CDATA[12345)]]>
              </value>
            </param>
            <param index="1">
              <value>
                <![CDATA[false]]>
              </value>
            </param>
          </params>
          <reporter-output>
          </reporter-output>
        </test-method> <!-- checkPasswordValidate -->
        <test-method status="SKIP" signature="checkPasswordValidate(java.lang.String, boolean)[pri:0, instance:tests.web.SmokeRegistrationTS@16bc75c]" name="checkPasswordValidate" duration-ms="0" started-at="2014-05-27T08:29:53Z" data-provider="checkValidatePasswordData" finished-at="2014-05-27T08:29:53Z">
          <params>
            <param index="0">
              <value>
                <![CDATA[12345+]]>
              </value>
            </param>
            <param index="1">
              <value>
                <![CDATA[false]]>
              </value>
            </param>
          </params>
          <reporter-output>
          </reporter-output>
        </test-method> <!-- checkPasswordValidate -->
        <test-method status="SKIP" signature="checkPasswordValidate(java.lang.String, boolean)[pri:0, instance:tests.web.SmokeRegistrationTS@16bc75c]" name="checkPasswordValidate" duration-ms="0" started-at="2014-05-27T08:29:53Z" data-provider="checkValidatePasswordData" finished-at="2014-05-27T08:29:53Z">
          <params>
            <param index="0">
              <value>
                <![CDATA[12345=]]>
              </value>
            </param>
            <param index="1">
              <value>
                <![CDATA[false]]>
              </value>
            </param>
          </params>
          <reporter-output>
          </reporter-output>
        </test-method> <!-- checkPasswordValidate -->
        <test-method status="SKIP" signature="checkPasswordValidate(java.lang.String, boolean)[pri:0, instance:tests.web.SmokeRegistrationTS@16bc75c]" name="checkPasswordValidate" duration-ms="2" started-at="2014-05-27T08:29:53Z" data-provider="checkValidatePasswordData" finished-at="2014-05-27T08:29:53Z">
          <params>
            <param index="0">
              <value>
                <![CDATA[12345{]]>
              </value>
            </param>
            <param index="1">
              <value>
                <![CDATA[false]]>
              </value>
            </param>
          </params>
          <reporter-output>
          </reporter-output>
        </test-method> <!-- checkPasswordValidate -->
        <test-method status="SKIP" signature="checkPasswordValidate(java.lang.String, boolean)[pri:0, instance:tests.web.SmokeRegistrationTS@16bc75c]" name="checkPasswordValidate" duration-ms="1" started-at="2014-05-27T08:29:53Z" data-provider="checkValidatePasswordData" finished-at="2014-05-27T08:29:53Z">
          <params>
            <param index="0">
              <value>
                <![CDATA[12345}]]>
              </value>
            </param>
            <param index="1">
              <value>
                <![CDATA[false]]>
              </value>
            </param>
          </params>
          <reporter-output>
          </reporter-output>
        </test-method> <!-- checkPasswordValidate -->
        <test-method status="SKIP" signature="checkPasswordValidate(java.lang.String, boolean)[pri:0, instance:tests.web.SmokeRegistrationTS@16bc75c]" name="checkPasswordValidate" duration-ms="1" started-at="2014-05-27T08:29:53Z" data-provider="checkValidatePasswordData" finished-at="2014-05-27T08:29:53Z">
          <params>
            <param index="0">
              <value>
                <![CDATA[12345[]]>
              </value>
            </param>
            <param index="1">
              <value>
                <![CDATA[false]]>
              </value>
            </param>
          </params>
          <reporter-output>
          </reporter-output>
        </test-method> <!-- checkPasswordValidate -->
        <test-method status="SKIP" signature="checkPasswordValidate(java.lang.String, boolean)[pri:0, instance:tests.web.SmokeRegistrationTS@16bc75c]" name="checkPasswordValidate" duration-ms="4" started-at="2014-05-27T08:29:53Z" data-provider="checkValidatePasswordData" finished-at="2014-05-27T08:29:53Z">
          <params>
            <param index="0">
              <value>
                <![CDATA[12345]]]>
              </value>
            </param>
            <param index="1">
              <value>
                <![CDATA[false]]>
              </value>
            </param>
          </params>
          <reporter-output>
          </reporter-output>
        </test-method> <!-- checkPasswordValidate -->
        <test-method status="SKIP" signature="checkPasswordValidate(java.lang.String, boolean)[pri:0, instance:tests.web.SmokeRegistrationTS@16bc75c]" name="checkPasswordValidate" duration-ms="1" started-at="2014-05-27T08:29:53Z" data-provider="checkValidatePasswordData" finished-at="2014-05-27T08:29:53Z">
          <params>
            <param index="0">
              <value>
                <![CDATA[12345\]]>
              </value>
            </param>
            <param index="1">
              <value>
                <![CDATA[false]]>
              </value>
            </param>
          </params>
          <reporter-output>
          </reporter-output>
        </test-method> <!-- checkPasswordValidate -->
        <test-method status="SKIP" signature="checkPasswordValidate(java.lang.String, boolean)[pri:0, instance:tests.web.SmokeRegistrationTS@16bc75c]" name="checkPasswordValidate" duration-ms="0" started-at="2014-05-27T08:29:53Z" data-provider="checkValidatePasswordData" finished-at="2014-05-27T08:29:53Z">
          <params>
            <param index="0">
              <value>
                <![CDATA[12345|]]>
              </value>
            </param>
            <param index="1">
              <value>
                <![CDATA[false]]>
              </value>
            </param>
          </params>
          <reporter-output>
          </reporter-output>
        </test-method> <!-- checkPasswordValidate -->
        <test-method status="SKIP" signature="checkPasswordValidate(java.lang.String, boolean)[pri:0, instance:tests.web.SmokeRegistrationTS@16bc75c]" name="checkPasswordValidate" duration-ms="0" started-at="2014-05-27T08:29:53Z" data-provider="checkValidatePasswordData" finished-at="2014-05-27T08:29:53Z">
          <params>
            <param index="0">
              <value>
                <![CDATA[12345/]]>
              </value>
            </param>
            <param index="1">
              <value>
                <![CDATA[false]]>
              </value>
            </param>
          </params>
          <reporter-output>
          </reporter-output>
        </test-method> <!-- checkPasswordValidate -->
        <test-method status="SKIP" signature="checkPasswordValidate(java.lang.String, boolean)[pri:0, instance:tests.web.SmokeRegistrationTS@16bc75c]" name="checkPasswordValidate" duration-ms="1" started-at="2014-05-27T08:29:53Z" data-provider="checkValidatePasswordData" finished-at="2014-05-27T08:29:53Z">
          <params>
            <param index="0">
              <value>
                <![CDATA[12345?]]>
              </value>
            </param>
            <param index="1">
              <value>
                <![CDATA[false]]>
              </value>
            </param>
          </params>
          <reporter-output>
          </reporter-output>
        </test-method> <!-- checkPasswordValidate -->
        <test-method status="SKIP" signature="checkPasswordValidate(java.lang.String, boolean)[pri:0, instance:tests.web.SmokeRegistrationTS@16bc75c]" name="checkPasswordValidate" duration-ms="1" started-at="2014-05-27T08:29:53Z" data-provider="checkValidatePasswordData" finished-at="2014-05-27T08:29:53Z">
          <params>
            <param index="0">
              <value>
                <![CDATA[12345.]]>
              </value>
            </param>
            <param index="1">
              <value>
                <![CDATA[false]]>
              </value>
            </param>
          </params>
          <reporter-output>
          </reporter-output>
        </test-method> <!-- checkPasswordValidate -->
        <test-method status="SKIP" signature="checkPasswordValidate(java.lang.String, boolean)[pri:0, instance:tests.web.SmokeRegistrationTS@16bc75c]" name="checkPasswordValidate" duration-ms="0" started-at="2014-05-27T08:29:53Z" data-provider="checkValidatePasswordData" finished-at="2014-05-27T08:29:53Z">
          <params>
            <param index="0">
              <value>
                <![CDATA[12345,]]>
              </value>
            </param>
            <param index="1">
              <value>
                <![CDATA[false]]>
              </value>
            </param>
          </params>
          <reporter-output>
          </reporter-output>
        </test-method> <!-- checkPasswordValidate -->
        <test-method status="SKIP" signature="checkPasswordValidate(java.lang.String, boolean)[pri:0, instance:tests.web.SmokeRegistrationTS@16bc75c]" name="checkPasswordValidate" duration-ms="0" started-at="2014-05-27T08:29:53Z" data-provider="checkValidatePasswordData" finished-at="2014-05-27T08:29:53Z">
          <params>
            <param index="0">
              <value>
                <![CDATA[12345~]]>
              </value>
            </param>
            <param index="1">
              <value>
                <![CDATA[false]]>
              </value>
            </param>
          </params>
          <reporter-output>
          </reporter-output>
        </test-method> <!-- checkPasswordValidate -->
        <test-method status="SKIP" signature="checkPasswordValidate(java.lang.String, boolean)[pri:0, instance:tests.web.SmokeRegistrationTS@16bc75c]" name="checkPasswordValidate" duration-ms="1" started-at="2014-05-27T08:29:53Z" data-provider="checkValidatePasswordData" finished-at="2014-05-27T08:29:53Z">
          <params>
            <param index="0">
              <value>
                <![CDATA[12345!]]>
              </value>
            </param>
            <param index="1">
              <value>
                <![CDATA[false]]>
              </value>
            </param>
          </params>
          <reporter-output>
          </reporter-output>
        </test-method> <!-- checkPasswordValidate -->
        <test-method status="SKIP" signature="checkPasswordValidate(java.lang.String, boolean)[pri:0, instance:tests.web.SmokeRegistrationTS@16bc75c]" name="checkPasswordValidate" duration-ms="0" started-at="2014-05-27T08:29:53Z" data-provider="checkValidatePasswordData" finished-at="2014-05-27T08:29:53Z">
          <params>
            <param index="0">
              <value>
                <![CDATA[12345"]]>
              </value>
            </param>
            <param index="1">
              <value>
                <![CDATA[false]]>
              </value>
            </param>
          </params>
          <reporter-output>
          </reporter-output>
        </test-method> <!-- checkPasswordValidate -->
        <test-method status="SKIP" signature="checkPasswordValidate(java.lang.String, boolean)[pri:0, instance:tests.web.SmokeRegistrationTS@16bc75c]" name="checkPasswordValidate" duration-ms="0" started-at="2014-05-27T08:29:53Z" data-provider="checkValidatePasswordData" finished-at="2014-05-27T08:29:53Z">
          <params>
            <param index="0">
              <value>
                <![CDATA[12345']]>
              </value>
            </param>
            <param index="1">
              <value>
                <![CDATA[false]]>
              </value>
            </param>
          </params>
          <reporter-output>
          </reporter-output>
        </test-method> <!-- checkPasswordValidate -->
        <test-method status="SKIP" signature="checkPasswordValidate(java.lang.String, boolean)[pri:0, instance:tests.web.SmokeRegistrationTS@16bc75c]" name="checkPasswordValidate" duration-ms="1" started-at="2014-05-27T08:29:53Z" data-provider="checkValidatePasswordData" finished-at="2014-05-27T08:29:53Z">
          <params>
            <param index="0">
              <value>
                <![CDATA[12345;]]>
              </value>
            </param>
            <param index="1">
              <value>
                <![CDATA[false]]>
              </value>
            </param>
          </params>
          <reporter-output>
          </reporter-output>
        </test-method> <!-- checkPasswordValidate -->
        <test-method status="SKIP" signature="checkPasswordValidate(java.lang.String, boolean)[pri:0, instance:tests.web.SmokeRegistrationTS@16bc75c]" name="checkPasswordValidate" duration-ms="0" started-at="2014-05-27T08:29:53Z" data-provider="checkValidatePasswordData" finished-at="2014-05-27T08:29:53Z">
          <params>
            <param index="0">
              <value>
                <![CDATA[12345:]]>
              </value>
            </param>
            <param index="1">
              <value>
                <![CDATA[false]]>
              </value>
            </param>
          </params>
          <reporter-output>
          </reporter-output>
        </test-method> <!-- checkPasswordValidate -->
        <test-method status="SKIP" signature="registerTest(java.lang.String, java.lang.String, java.lang.String, java.lang.String, java.lang.String, java.lang.String, boolean)[pri:0, instance:tests.web.SmokeRegistrationTS@16bc75c]" name="registerTest" duration-ms="0" started-at="2014-05-27T08:29:53Z" data-provider="registerUserData" finished-at="2014-05-27T08:29:53Z">
          <params>
            <param index="0">
              <value>
                <![CDATA[24]]>
              </value>
            </param>
            <param index="1">
              <value>
                <![CDATA[London]]>
              </value>
            </param>
            <param index="2">
              <value>
                <![CDATA[male]]>
              </value>
            </param>
            <param index="3">
              <value>
                <![CDATA[nicky.t.male+082952140527@gmail.com]]>
              </value>
            </param>
            <param index="4">
              <value>
                <![CDATA[nicky082952140527]]>
              </value>
            </param>
            <param index="5">
              <value>
                <![CDATA[123-ab]]>
              </value>
            </param>
            <param index="6">
              <value>
                <![CDATA[true]]>
              </value>
            </param>
          </params>
          <reporter-output>
          </reporter-output>
        </test-method> <!-- registerTest -->
        <test-method status="SKIP" signature="confirmTest(java.lang.String, boolean)[pri:0, instance:tests.web.SmokeRegistrationTS@16bc75c]" name="confirmTest" duration-ms="0" started-at="2014-05-27T08:29:53Z" data-provider="checkConfirmData" finished-at="2014-05-27T08:29:53Z">
          <params>
            <param index="0">
              <value>
                <![CDATA[nicky.t.male+082952140527@gmail.com]]>
              </value>
            </param>
            <param index="1">
              <value>
                <![CDATA[true]]>
              </value>
            </param>
          </params>
          <reporter-output>
          </reporter-output>
        </test-method> <!-- confirmTest -->
        <test-method status="SKIP" signature="checkPostConfirmBirthday(java.lang.String, java.lang.String, java.lang.String, boolean)[pri:0, instance:tests.web.SmokeRegistrationTS@16bc75c]" name="checkPostConfirmBirthday" duration-ms="0" started-at="2014-05-27T08:29:53Z" data-provider="funnelBirthday" finished-at="2014-05-27T08:29:53Z">
          <params>
            <param index="0">
              <value>
                <![CDATA[31]]>
              </value>
            </param>
            <param index="1">
              <value>
                <![CDATA[02]]>
              </value>
            </param>
            <param index="2">
              <value>
                <![CDATA[1980]]>
              </value>
            </param>
            <param index="3">
              <value>
                <![CDATA[false]]>
              </value>
            </param>
          </params>
          <reporter-output>
          </reporter-output>
        </test-method> <!-- checkPostConfirmBirthday -->
        <test-method status="SKIP" signature="checkPostConfirmBirthday(java.lang.String, java.lang.String, java.lang.String, boolean)[pri:0, instance:tests.web.SmokeRegistrationTS@16bc75c]" name="checkPostConfirmBirthday" duration-ms="0" started-at="2014-05-27T08:29:53Z" data-provider="funnelBirthday" finished-at="2014-05-27T08:29:53Z">
          <params>
            <param index="0">
              <value>
                <![CDATA[31]]>
              </value>
            </param>
            <param index="1">
              <value>
                <![CDATA[12]]>
              </value>
            </param>
            <param index="2">
              <value>
                <![CDATA[1995]]>
              </value>
            </param>
            <param index="3">
              <value>
                <![CDATA[false]]>
              </value>
            </param>
          </params>
          <reporter-output>
          </reporter-output>
        </test-method> <!-- checkPostConfirmBirthday -->
        <test-method status="SKIP" signature="checkPostConfirmBirthday(java.lang.String, java.lang.String, java.lang.String, boolean)[pri:0, instance:tests.web.SmokeRegistrationTS@16bc75c]" name="checkPostConfirmBirthday" duration-ms="1" started-at="2014-05-27T08:29:53Z" data-provider="funnelBirthday" finished-at="2014-05-27T08:29:53Z">
          <params>
            <param index="0">
              <value>
                <![CDATA[10]]>
              </value>
            </param>
            <param index="1">
              <value>
                <![CDATA[10]]>
              </value>
            </param>
            <param index="2">
              <value>
                <![CDATA[1980]]>
              </value>
            </param>
            <param index="3">
              <value>
                <![CDATA[true]]>
              </value>
            </param>
          </params>
          <reporter-output>
          </reporter-output>
        </test-method> <!-- checkPostConfirmBirthday -->
        <test-method status="SKIP" signature="checkPostConfirmScreennameVariant(java.lang.String, boolean)[pri:0, instance:tests.web.SmokeRegistrationTS@16bc75c]" name="checkPostConfirmScreennameVariant" duration-ms="1" started-at="2014-05-27T08:29:53Z" data-provider="funnelScreennameVariant" finished-at="2014-05-27T08:29:53Z">
          <params>
            <param index="0">
              <value>
                <![CDATA[nicky]]>
              </value>
            </param>
            <param index="1">
              <value>
                <![CDATA[true]]>
              </value>
            </param>
          </params>
          <reporter-output>
          </reporter-output>
        </test-method> <!-- checkPostConfirmScreennameVariant -->
        <test-method status="SKIP" signature="confirmUser(java.lang.String, java.lang.String, java.lang.String, java.lang.String)[pri:0, instance:tests.web.SmokeRegistrationTS@16bc75c]" name="confirmUser" duration-ms="0" started-at="2014-05-27T08:29:53Z" data-provider="funnelConfirm" finished-at="2014-05-27T08:29:53Z">
          <params>
            <param index="0">
              <value>
                <![CDATA[nicky082952140527]]>
              </value>
            </param>
            <param index="1">
              <value>
                <![CDATA[10]]>
              </value>
            </param>
            <param index="2">
              <value>
                <![CDATA[09]]>
              </value>
            </param>
            <param index="3">
              <value>
                <![CDATA[1980]]>
              </value>
            </param>
          </params>
          <reporter-output>
          </reporter-output>
        </test-method> <!-- confirmUser -->
      </class> <!-- tests.web.SmokeRegistrationTS -->
    </test> <!-- Test -->
  </suite> <!-- Suite -->
</testng-results>
